0 verbose cli /Users/andrzejbc/.nvm/versions/node/v24.13.1/bin/node /Users/andrzejbc/.nvm/versions/node/v24.13.1/bin/npm
1 info using npm@11.8.0
2 info using node@v24.13.1
3 silly config load:file:/Users/andrzejbc/.nvm/versions/node/v24.13.1/lib/node_modules/npm/npmrc
4 silly config load:file:/Users/andrzejbc/Desktop/Stanford/Hackathons/Treehacks2026/SmartWalker/frontend/.npmrc
5 silly config load:file:/Users/andrzejbc/.npmrc
6 silly config load:file:/Users/andrzejbc/.nvm/versions/node/v24.13.1/etc/npmrc
7 verbose title npm install
8 verbose argv "install" "--cache" ".npm-cache"
9 verbose logfile logs-max:10 dir:/Users/andrzejbc/Desktop/Stanford/Hackathons/Treehacks2026/SmartWalker/frontend/.npm-cache/_logs/2026-02-14T07_45_16_853Z-
10 verbose logfile /Users/andrzejbc/Desktop/Stanford/Hackathons/Treehacks2026/SmartWalker/frontend/.npm-cache/_logs/2026-02-14T07_45_16_853Z-debug-0.log
11 silly logfile done cleaning log files
12 silly packumentCache heap:4496293888 maxSize:1124073472 maxEntrySize:562036736
13 verbose shrinkwrap failed to load node_modules/.package-lock.json out of date, updated: node_modules
14 silly idealTree buildDeps
15 silly reify moves {}
16 silly audit bulk request {
16 silly audit   '@alloc/quick-lru': [ '5.2.0' ],
16 silly audit   '@babel/code-frame': [ '7.29.0' ],
16 silly audit   '@babel/compat-data': [ '7.29.0' ],
16 silly audit   '@babel/core': [ '7.29.0' ],
16 silly audit   '@babel/generator': [ '7.29.1' ],
16 silly audit   '@babel/helper-compilation-targets': [ '7.28.6' ],
16 silly audit   '@babel/helper-globals': [ '7.28.0' ],
16 silly audit   '@babel/helper-module-imports': [ '7.28.6' ],
16 silly audit   '@babel/helper-module-transforms': [ '7.28.6' ],
16 silly audit   '@babel/helper-plugin-utils': [ '7.28.6' ],
16 silly audit   '@babel/helper-string-parser': [ '7.27.1' ],
16 silly audit   '@babel/helper-validator-identifier': [ '7.28.5' ],
16 silly audit   '@babel/helper-validator-option': [ '7.27.1' ],
16 silly audit   '@babel/helpers': [ '7.28.6' ],
16 silly audit   '@babel/parser': [ '7.29.0' ],
16 silly audit   '@babel/plugin-transform-react-jsx-self': [ '7.27.1' ],
16 silly audit   '@babel/plugin-transform-react-jsx-source': [ '7.27.1' ],
16 silly audit   '@babel/template': [ '7.28.6' ],
16 silly audit   '@babel/traverse': [ '7.29.0' ],
16 silly audit   '@babel/types': [ '7.29.0' ],
16 silly audit   '@esbuild/aix-ppc64': [ '0.25.12' ],
16 silly audit   '@esbuild/android-arm': [ '0.25.12' ],
16 silly audit   '@esbuild/android-arm64': [ '0.25.12' ],
16 silly audit   '@esbuild/android-x64': [ '0.25.12' ],
16 silly audit   '@esbuild/darwin-arm64': [ '0.25.12' ],
16 silly audit   '@esbuild/darwin-x64': [ '0.25.12' ],
16 silly audit   '@esbuild/freebsd-arm64': [ '0.25.12' ],
16 silly audit   '@esbuild/freebsd-x64': [ '0.25.12' ],
16 silly audit   '@esbuild/linux-arm': [ '0.25.12' ],
16 silly audit   '@esbuild/linux-arm64': [ '0.25.12' ],
16 silly audit   '@esbuild/linux-ia32': [ '0.25.12' ],
16 silly audit   '@esbuild/linux-loong64': [ '0.25.12' ],
16 silly audit   '@esbuild/linux-mips64el': [ '0.25.12' ],
16 silly audit   '@esbuild/linux-ppc64': [ '0.25.12' ],
16 silly audit   '@esbuild/linux-riscv64': [ '0.25.12' ],
16 silly audit   '@esbuild/linux-s390x': [ '0.25.12' ],
16 silly audit   '@esbuild/linux-x64': [ '0.25.12' ],
16 silly audit   '@esbuild/netbsd-arm64': [ '0.25.12' ],
16 silly audit   '@esbuild/netbsd-x64': [ '0.25.12' ],
16 silly audit   '@esbuild/openbsd-arm64': [ '0.25.12' ],
16 silly audit   '@esbuild/openbsd-x64': [ '0.25.12' ],
16 silly audit   '@esbuild/openharmony-arm64': [ '0.25.12' ],
16 silly audit   '@esbuild/sunos-x64': [ '0.25.12' ],
16 silly audit   '@esbuild/win32-arm64': [ '0.25.12' ],
16 silly audit   '@esbuild/win32-ia32': [ '0.25.12' ],
16 silly audit   '@esbuild/win32-x64': [ '0.25.12' ],
16 silly audit   '@jridgewell/gen-mapping': [ '0.3.13' ],
16 silly audit   '@jridgewell/remapping': [ '2.3.5' ],
16 silly audit   '@jridgewell/resolve-uri': [ '3.1.2' ],
16 silly audit   '@jridgewell/sourcemap-codec': [ '1.5.5' ],
16 silly audit   '@jridgewell/trace-mapping': [ '0.3.31' ],
16 silly audit   '@nodelib/fs.scandir': [ '2.1.5' ],
16 silly audit   '@nodelib/fs.stat': [ '2.0.5' ],
16 silly audit   '@nodelib/fs.walk': [ '1.2.8' ],
16 silly audit   '@remix-run/router': [ '1.23.2' ],
16 silly audit   '@rolldown/pluginutils': [ '1.0.0-beta.27' ],
16 silly audit   '@rollup/rollup-android-arm-eabi': [ '4.57.1' ],
16 silly audit   '@rollup/rollup-android-arm64': [ '4.57.1' ],
16 silly audit   '@rollup/rollup-darwin-arm64': [ '4.57.1' ],
16 silly audit   '@rollup/rollup-darwin-x64': [ '4.57.1' ],
16 silly audit   '@rollup/rollup-freebsd-arm64': [ '4.57.1' ],
16 silly audit   '@rollup/rollup-freebsd-x64': [ '4.57.1' ],
16 silly audit   '@rollup/rollup-linux-arm-gnueabihf': [ '4.57.1' ],
16 silly audit   '@rollup/rollup-linux-arm-musleabihf': [ '4.57.1' ],
16 silly audit   '@rollup/rollup-linux-arm64-gnu': [ '4.57.1' ],
16 silly audit   '@rollup/rollup-linux-arm64-musl': [ '4.57.1' ],
16 silly audit   '@rollup/rollup-linux-loong64-gnu': [ '4.57.1' ],
16 silly audit   '@rollup/rollup-linux-loong64-musl': [ '4.57.1' ],
16 silly audit   '@rollup/rollup-linux-ppc64-gnu': [ '4.57.1' ],
16 silly audit   '@rollup/rollup-linux-ppc64-musl': [ '4.57.1' ],
16 silly audit   '@rollup/rollup-linux-riscv64-gnu': [ '4.57.1' ],
16 silly audit   '@rollup/rollup-linux-riscv64-musl': [ '4.57.1' ],
16 silly audit   '@rollup/rollup-linux-s390x-gnu': [ '4.57.1' ],
16 silly audit   '@rollup/rollup-linux-x64-gnu': [ '4.57.1' ],
16 silly audit   '@rollup/rollup-linux-x64-musl': [ '4.57.1' ],
16 silly audit   '@rollup/rollup-openbsd-x64': [ '4.57.1' ],
16 silly audit   '@rollup/rollup-openharmony-arm64': [ '4.57.1' ],
16 silly audit   '@rollup/rollup-win32-arm64-msvc': [ '4.57.1' ],
16 silly audit   '@rollup/rollup-win32-ia32-msvc': [ '4.57.1' ],
16 silly audit   '@rollup/rollup-win32-x64-gnu': [ '4.57.1' ],
16 silly audit   '@rollup/rollup-win32-x64-msvc': [ '4.57.1' ],
16 silly audit   '@types/babel__core': [ '7.20.5' ],
16 silly audit   '@types/babel__generator': [ '7.27.0' ],
16 silly audit   '@types/babel__template': [ '7.4.4' ],
16 silly audit   '@types/babel__traverse': [ '7.28.0' ],
16 silly audit   '@types/estree': [ '1.0.8' ],
16 silly audit   '@types/prop-types': [ '15.7.15' ],
16 silly audit   '@types/react': [ '18.3.28' ],
16 silly audit   '@types/react-dom': [ '18.3.7' ],
16 silly audit   '@vitejs/plugin-react': [ '4.7.0' ],
16 silly audit   'any-promise': [ '1.3.0' ],
16 silly audit   anymatch: [ '3.1.3' ],
16 silly audit   arg: [ '5.0.2' ],
16 silly audit   autoprefixer: [ '10.4.24' ],
16 silly audit   'baseline-browser-mapping': [ '2.9.19' ],
16 silly audit   'binary-extensions': [ '2.3.0' ],
16 silly audit   braces: [ '3.0.3' ],
16 silly audit   browserslist: [ '4.28.1' ],
16 silly audit   'camelcase-css': [ '2.0.1' ],
16 silly audit   'caniuse-lite': [ '1.0.30001769' ],
16 silly audit   chokidar: [ '3.6.0' ],
16 silly audit   'glob-parent': [ '5.1.2', '6.0.2' ],
16 silly audit   commander: [ '4.1.1' ],
16 silly audit   'convert-source-map': [ '2.0.0' ],
16 silly audit   cssesc: [ '3.0.0' ],
16 silly audit   csstype: [ '3.2.3' ],
16 silly audit   debug: [ '4.4.3' ],
16 silly audit   didyoumean: [ '1.2.2' ],
16 silly audit   dlv: [ '1.1.3' ],
16 silly audit   'electron-to-chromium': [ '1.5.286' ],
16 silly audit   esbuild: [ '0.25.12' ],
16 silly audit   escalade: [ '3.2.0' ],
16 silly audit   'fast-glob': [ '3.3.3' ],
16 silly audit   fastq: [ '1.20.1' ],
16 silly audit   'fill-range': [ '7.1.1' ],
16 silly audit   'fraction.js': [ '5.3.4' ],
16 silly audit   fsevents: [ '2.3.3' ],
16 silly audit   'function-bind': [ '1.1.2' ],
16 silly audit   gensync: [ '1.0.0-beta.2' ],
16 silly audit   hasown: [ '2.0.2' ],
16 silly audit   'is-binary-path': [ '2.1.0' ],
16 silly audit   'is-core-module': [ '2.16.1' ],
16 silly audit   'is-extglob': [ '2.1.1' ],
16 silly audit   'is-glob': [ '4.0.3' ],
16 silly audit   'is-number': [ '7.0.0' ],
16 silly audit   jiti: [ '1.21.7' ],
16 silly audit   'js-tokens': [ '4.0.0' ],
16 silly audit   jsesc: [ '3.1.0' ],
16 silly audit   json5: [ '2.2.3' ],
16 silly audit   lilconfig: [ '3.1.3' ],
16 silly audit   'lines-and-columns': [ '1.2.4' ],
16 silly audit   'loose-envify': [ '1.4.0' ],
16 silly audit   'lru-cache': [ '5.1.1' ],
16 silly audit   merge2: [ '1.4.1' ],
16 silly audit   micromatch: [ '4.0.8' ],
16 silly audit   ms: [ '2.1.3' ],
16 silly audit   mz: [ '2.7.0' ],
16 silly audit   nanoid: [ '3.3.11' ],
16 silly audit   'node-releases': [ '2.0.27' ],
16 silly audit   'normalize-path': [ '3.0.0' ],
16 silly audit   'object-assign': [ '4.1.1' ],
16 silly audit   'object-hash': [ '3.0.0' ],
16 silly audit   'path-parse': [ '1.0.7' ],
16 silly audit   picocolors: [ '1.1.1' ],
16 silly audit   picomatch: [ '2.3.1', '4.0.3' ],
16 silly audit   pify: [ '2.3.0' ],
16 silly audit   pirates: [ '4.0.7' ],
16 silly audit   postcss: [ '8.5.6' ],
16 silly audit   'postcss-import': [ '15.1.0' ],
16 silly audit   'postcss-js': [ '4.1.0' ],
16 silly audit   'postcss-load-config': [ '6.0.1' ],
16 silly audit   'postcss-nested': [ '6.2.0' ],
16 silly audit   'postcss-selector-parser': [ '6.1.2' ],
16 silly audit   'postcss-value-parser': [ '4.2.0' ],
16 silly audit   'queue-microtask': [ '1.2.3' ],
16 silly audit   react: [ '18.3.1' ],
16 silly audit   'react-dom': [ '18.3.1' ],
16 silly audit   'react-refresh': [ '0.17.0' ],
16 silly audit   'react-router': [ '6.30.3' ],
16 silly audit   'react-router-dom': [ '6.30.3' ],
16 silly audit   'read-cache': [ '1.0.0' ],
16 silly audit   readdirp: [ '3.6.0' ],
16 silly audit   resolve: [ '1.22.11' ],
16 silly audit   reusify: [ '1.1.0' ],
16 silly audit   rollup: [ '4.57.1' ],
16 silly audit   'run-parallel': [ '1.2.0' ],
16 silly audit   scheduler: [ '0.23.2' ],
16 silly audit   semver: [ '6.3.1' ],
16 silly audit   'source-map-js': [ '1.2.1' ],
16 silly audit   sucrase: [ '3.35.1' ],
16 silly audit   'supports-preserve-symlinks-flag': [ '1.0.0' ],
16 silly audit   tailwindcss: [ '3.4.19' ],
16 silly audit   thenify: [ '3.3.1' ],
16 silly audit   'thenify-all': [ '1.6.0' ],
16 silly audit   tinyglobby: [ '0.2.15' ],
16 silly audit   fdir: [ '6.5.0' ],
16 silly audit   'to-regex-range': [ '5.0.1' ],
16 silly audit   'ts-interface-checker': [ '0.1.13' ],
16 silly audit   typescript: [ '5.9.3' ],
16 silly audit   'update-browserslist-db': [ '1.2.3' ],
16 silly audit   'util-deprecate': [ '1.0.2' ],
16 silly audit   vite: [ '6.4.1' ],
16 silly audit   yallist: [ '3.1.1' ]
16 silly audit }
17 http cache fsevents@https://registry.npmjs.org/fsevents/-/fsevents-2.3.3.tgz 0ms (cache hit)
18 http fetch GET 200 https://registry.npmjs.org/npm 119ms
19 http fetch POST 200 https://registry.npmjs.org/-/npm/v1/security/advisories/bulk 102ms
20 silly audit report {}
21 silly ADD node_modules/fsevents
22 verbose cwd /Users/andrzejbc/Desktop/Stanford/Hackathons/Treehacks2026/SmartWalker/frontend
23 verbose os Darwin 25.2.0
24 verbose node v24.13.1
25 verbose npm  v11.8.0
26 notice
26 notice New [33mminor[39m version of npm available! [33m11.8.0[39m -> [34m11.10.0[39m
26 notice Changelog: [34mhttps://github.com/npm/cli/releases/tag/v11.10.0[39m
26 notice To update run: [4mnpm install -g npm@11.10.0[24m
26 notice  { force: true, Symbol(proc-log.meta): true }
27 verbose exit 0
28 info ok
